Build started 2012/10/22 21:07:27.
     1>Project "D:\Projection\gpu-pathtracing\GPUPathTracer\GPUPathTracer\GPUPathTracer.vcxproj" on node 2 (build target(s)).
     1>InitializeBuildStatus:
         Touching "Debug\GPUPathTracer.unsuccessfulbuild".
       AddCudaCompileDeps:
       Skipping target "AddCudaCompileDeps" because all output files are up-to-date with respect to the input files.
       AddCudaCompileDeps:
       Skipping target "AddCudaCompileDeps" because all output files are up-to-date with respect to the input files.
       AddCudaCompilePropsDeps:
       Skipping target "AddCudaCompilePropsDeps" because all output files are up-to-date with respect to the input files.
       AddCudaCompilePropsDeps:
       Skipping target "AddCudaCompilePropsDeps" because all output files are up-to-date with respect to the input files.
       CudaBuild:
       Skipping target "CudaBuild" because all output files are up-to-date with respect to the input files.
       CudaBuild:
       Skipping target "CudaBuild" because all output files are up-to-date with respect to the input files.
       ClCompile:
         D:\Program Files\Microsoft Visual Studio 10.0\VC\bin\CL.exe /c /I../glm /I../freeglut/include /I../glew/include /I"C:\Program Files\NVIDIA GPU Computing Toolkit\CUDA\v4.2\include" /I"C:\Program Files\NVIDIA GPU Computing Toolkit\CUDA\v4.2\include" /I"d:\ProgramData\NVIDIA Corporation\NVIDIA GPU Computing SDK 4.2\share\inc" /I"d:\ProgramData\NVIDIA Corporation\NVIDIA GPU Computing SDK 4.2\C\common\inc" /ZI /nologo /W3 /WX- /Od /Oy- /D _MBCS /Gm /EHsc /RTC1 /MD /GS /Gy /fp:precise /Zc:wchar_t /Zc:forScope /Fo"Debug\\" /Fd"Debug\vc100.pdb" /Gd /TP /analyze- /errorReport:prompt objcore\objloader.cpp path_tracer.cpp
         path_tracer.cpp
     1>d:\projection\gpu-pathtracing\gpupathtracer\gpupathtracer\material.h(17): warning C4305: 'argument' : truncation from 'double' to 'float'
     1>d:\projection\gpu-pathtracing\gpupathtracer\gpupathtracer\material.h(17): warning C4305: 'argument' : truncation from 'double' to 'float'
     1>d:\projection\gpu-pathtracing\gpupathtracer\gpupathtracer\material.h(17): warning C4305: 'argument' : truncation from 'double' to 'float'
     1>d:\projection\gpu-pathtracing\gpupathtracer\gpupathtracer\image.h(9): warning C4099: 'Image' : type name first seen using 'struct' now seen using 'class'
                 d:\projection\gpu-pathtracing\gpupathtracer\gpupathtracer\path_tracer.h(9) : see declaration of 'Image'
     1>d:\programdata\nvidia corporation\nvidia gpu computing sdk 4.2\c\common\inc\cutil.h(781): warning C4005: 'CUDA_SAFE_CALL' : macro redefinition
                 d:\projection\gpu-pathtracing\gpupathtracer\gpupathtracer\cuda_safe_call.h(12) : see previous definition of 'CUDA_SAFE_CALL'
     1>d:\projection\gpu-pathtracing\gpupathtracer\gpupathtracer\geometry\ray.h(5): warning C4099: 'Ray' : type name first seen using 'struct' now seen using 'class'
                 d:\projection\gpu-pathtracing\gpupathtracer\gpupathtracer\path_tracer.h(11) : see declaration of 'Ray'
     1>d:\projection\gpu-pathtracing\gpupathtracer\gpupathtracer\geometry\ray.h(11): warning C4305: 'initializing' : truncation from 'double' to 'float'
     1>d:\projection\gpu-pathtracing\gpupathtracer\gpupathtracer\geometry\ray.h(16): warning C4305: 'initializing' : truncation from 'double' to 'float'
     1>d:\projection\gpu-pathtracing\gpupathtracer\gpupathtracer\glm\core\func_common.hpp : warning C4819: The file contains a character that cannot be represented in the current code page (936). Save the file in Unicode format to prevent data loss
     1>d:\projection\gpu-pathtracing\gpupathtracer\gpupathtracer\glm\core\func_common.inl : warning C4819: The file contains a character that cannot be represented in the current code page (936). Save the file in Unicode format to prevent data loss
     1>d:\projection\gpu-pathtracing\gpupathtracer\gpupathtracer\glm\core\func_integer.hpp : warning C4819: The file contains a character that cannot be represented in the current code page (936). Save the file in Unicode format to prevent data loss
     1>d:\projection\gpu-pathtracing\gpupathtracer\gpupathtracer\path_tracer.cpp(36): warning C4244: 'argument' : conversion from 'float' to 'int', possible loss of data
     1>d:\projection\gpu-pathtracing\gpupathtracer\gpupathtracer\path_tracer.cpp(36): warning C4244: 'argument' : conversion from 'float' to 'int', possible loss of data
     1>d:\projection\gpu-pathtracing\gpupathtracer\gpupathtracer\path_tracer.cpp(117): warning C4244: 'argument' : conversion from 'float' to 'int', possible loss of data
     1>d:\projection\gpu-pathtracing\gpupathtracer\gpupathtracer\path_tracer.cpp(117): warning C4244: 'argument' : conversion from 'float' to 'int', possible loss of data
         objloader.cpp
     1>d:\projection\gpu-pathtracing\gpupathtracer\gpupathtracer\glm\core\func_common.hpp : warning C4819: The file contains a character that cannot be represented in the current code page (936). Save the file in Unicode format to prevent data loss
     1>d:\projection\gpu-pathtracing\gpupathtracer\gpupathtracer\glm\core\func_common.inl : warning C4819: The file contains a character that cannot be represented in the current code page (936). Save the file in Unicode format to prevent data loss
     1>d:\projection\gpu-pathtracing\gpupathtracer\gpupathtracer\glm\core\func_integer.hpp : warning C4819: The file contains a character that cannot be represented in the current code page (936). Save the file in Unicode format to prevent data loss
     1>d:\projection\gpu-pathtracing\gpupathtracer\gpupathtracer\material.h(17): warning C4305: 'argument' : truncation from 'double' to 'float'
     1>d:\projection\gpu-pathtracing\gpupathtracer\gpupathtracer\material.h(17): warning C4305: 'argument' : truncation from 'double' to 'float'
     1>d:\projection\gpu-pathtracing\gpupathtracer\gpupathtracer\material.h(17): warning C4305: 'argument' : truncation from 'double' to 'float'
     1>d:\projection\gpu-pathtracing\gpupathtracer\gpupathtracer\objcore\objloader.cpp(107): warning C4244: 'argument' : conversion from 'double' to 'int', possible loss of data
     1>d:\projection\gpu-pathtracing\gpupathtracer\gpupathtracer\objcore\objloader.cpp(111): warning C4244: 'argument' : conversion from 'double' to 'int', possible loss of data
     1>d:\projection\gpu-pathtracing\gpupathtracer\gpupathtracer\objcore\objloader.cpp(126): warning C4244: 'argument' : conversion from 'double' to 'int', possible loss of data
     1>d:\projection\gpu-pathtracing\gpupathtracer\gpupathtracer\objcore\objloader.cpp(128): warning C4244: 'argument' : conversion from 'double' to 'int', possible loss of data
     1>d:\projection\gpu-pathtracing\gpupathtracer\gpupathtracer\objcore\objloader.cpp(130): warning C4244: 'argument' : conversion from 'double' to 'int', possible loss of data
     1>d:\projection\gpu-pathtracing\gpupathtracer\gpupathtracer\objcore\objloader.cpp(142): warning C4244: 'argument' : conversion from 'double' to 'int', possible loss of data
     1>d:\projection\gpu-pathtracing\gpupathtracer\gpupathtracer\objcore\objloader.cpp(154): warning C4018: '<' : signed/unsigned mismatch
     1>d:\projection\gpu-pathtracing\gpupathtracer\gpupathtracer\objcore\objloader.cpp(156): warning C4018: '<' : signed/unsigned mismatch
         Generating Code...
       ManifestResourceCompile:
         All outputs are up-to-date.
       Link:
         D:\Program Files\Microsoft Visual Studio 10.0\VC\bin\link.exe /ERRORREPORT:PROMPT /OUT:"D:\Projection\gpu-pathtracing\GPUPathTracer\Debug\GPUPathTracer.exe" /INCREMENTAL /NOLOGO /LIBPATH:../freeglut/lib /LIBPATH:../glew/lib /LIBPATH:"C:\Program Files\NVIDIA GPU Computing Toolkit\CUDA\v4.2\lib\Win32" /LIBPATH:"C:\Program Files\NVIDIA GPU Computing Toolkit\CUDA\v4.2\lib\Win32" freeglut.lib glew32.lib cudart.lib kernel32.lib user32.lib gdi32.lib winspool.lib comdlg32.lib advapi32.lib shell32.lib ole32.lib oleaut32.lib uuid.lib odbc32.lib odbccp32.lib kernel32.lib user32.lib gdi32.lib winspool.lib comdlg32.lib advapi32.lib shell32.lib ole32.lib oleaut32.lib uuid.lib odbc32.lib odbccp32.lib /MANIFEST /ManifestFile:"Debug\GPUPathTracer.exe.intermediate.manifest" /MANIFESTUAC:"level='asInvoker' uiAccess='false'" /DEBUG /PDB:"D:\Projection\gpu-pathtracing\GPUPathTracer\Debug\GPUPathTracer.pdb" /SUBSYSTEM:CONSOLE /TLBID:1 /DYNAMICBASE /NXCOMPAT /IMPLIB:"D:\Projection\gpu-pathtracing\GPUPathTracer\Debug\GPUPathTracer.lib" /MACHINE:X86 Debug\kdtree_kernel.cu.obj
         Debug\path_tracer_kernel.cu.obj
         Debug\GPUPathTracer.exe.embed.manifest.res
         Debug\basic_math.obj
         Debug\KDTree.obj
         Debug\hdrloader.obj
         Debug\interactive_camera.obj
         Debug\color.obj
         Debug\display.obj
         Debug\image.obj
         Debug\material.obj
         Debug\obj.obj
         Debug\objloader.obj
         Debug\path_tracer.obj
     1>path_tracer_kernel.cu.obj : error LNK2038: mismatch detected for '_ITERATOR_DEBUG_LEVEL': value '0' doesn't match value '2' in kdtree_kernel.cu.obj
     1>basic_math.obj : error LNK2038: mismatch detected for '_ITERATOR_DEBUG_LEVEL': value '0' doesn't match value '2' in kdtree_kernel.cu.obj
     1>KDTree.obj : error LNK2038: mismatch detected for '_ITERATOR_DEBUG_LEVEL': value '0' doesn't match value '2' in kdtree_kernel.cu.obj
     1>interactive_camera.obj : error LNK2038: mismatch detected for '_ITERATOR_DEBUG_LEVEL': value '0' doesn't match value '2' in kdtree_kernel.cu.obj
     1>color.obj : error LNK2038: mismatch detected for '_ITERATOR_DEBUG_LEVEL': value '0' doesn't match value '2' in kdtree_kernel.cu.obj
     1>display.obj : error LNK2038: mismatch detected for '_ITERATOR_DEBUG_LEVEL': value '0' doesn't match value '2' in kdtree_kernel.cu.obj
     1>image.obj : error LNK2038: mismatch detected for '_ITERATOR_DEBUG_LEVEL': value '0' doesn't match value '2' in kdtree_kernel.cu.obj
     1>obj.obj : error LNK2038: mismatch detected for '_ITERATOR_DEBUG_LEVEL': value '0' doesn't match value '2' in kdtree_kernel.cu.obj
     1>objloader.obj : error LNK2038: mismatch detected for '_ITERATOR_DEBUG_LEVEL': value '0' doesn't match value '2' in kdtree_kernel.cu.obj
     1>path_tracer.obj : error LNK2038: mismatch detected for '_ITERATOR_DEBUG_LEVEL': value '0' doesn't match value '2' in kdtree_kernel.cu.obj
     1>LINK : warning LNK4098: defaultlib 'MSVCRT' conflicts with use of other libs; use /NODEFAULTLIB:library
     1>D:\Projection\gpu-pathtracing\GPUPathTracer\Debug\GPUPathTracer.exe : fatal error LNK1319: 10 mismatches detected
     1>Done Building Project "D:\Projection\gpu-pathtracing\GPUPathTracer\GPUPathTracer\GPUPathTracer.vcxproj" (build target(s)) -- FAILED.

Build FAILED.

Time Elapsed 00:00:08.45
